1661118274080	geckodriver	INFO	Listening on 127.0.0.1:49372
1661118274267	mozrunner::runner	INFO	Running command: "/Applications/Firefox.app/Contents/MacOS/firefox-bin" "--marionette" "--remote-debugging-port" "49373" "--remote-allow-hosts" "localhost" "-foreground" "-no-remote" "-profile" "/var/folders/24/8k48jl6d249_n_qfxwsl6xvm0000gn/T/rust_mozprofilept6a0t"
1661118304705	Marionette	INFO	Marionette enabled
1661118304771	Marionette	INFO	Listening on port 49391
WebDriver BiDi listening on ws://localhost:49373
Read port: 49391
Read port: 49391
1661118310164	RemoteAgent	WARN	TLS certificate errors will be ignored for this session
console.warn: SearchSettings: "get: No settings file exists, new profile?" (new NotFoundError("Could not open the file at /var/folders/24/8k48jl6d249_n_qfxwsl6xvm0000gn/T/rust_mozprofilept6a0t/search.json.mozlz4", (void 0)))
DevTools listening on ws://localhost:49373/devtools/browser/e8a9fbc3-9e8c-401c-84ca-73266201a90f
1661118342516	Marionette	INFO	Stopped listening on port 49391
!!! error running onStopped callback: TypeError: callback is not a function
1661119075057	geckodriver	INFO	Listening on 127.0.0.1:49414
1661119075094	mozrunner::runner	INFO	Running command: "/Applications/Firefox.app/Contents/MacOS/firefox-bin" "--marionette" "--remote-debugging-port" "49415" "--remote-allow-hosts" "localhost" "-foreground" "-no-remote" "-profile" "/var/folders/24/8k48jl6d249_n_qfxwsl6xvm0000gn/T/rust_mozprofileG1myNs"
1661119076609	Marionette	INFO	Marionette enabled
1661119076670	Marionette	INFO	Listening on port 49420
WebDriver BiDi listening on ws://localhost:49415
Read port: 49420
Read port: 49420
1661119078158	RemoteAgent	WARN	TLS certificate errors will be ignored for this session
console.warn: SearchSettings: "get: No settings file exists, new profile?" (new NotFoundError("Could not open the file at /var/folders/24/8k48jl6d249_n_qfxwsl6xvm0000gn/T/rust_mozprofileG1myNs/search.json.mozlz4", (void 0)))
DevTools listening on ws://localhost:49415/devtools/browser/07d542fb-0885-4a1f-b532-b3f7ab2378e9
1661119085643	Marionette	INFO	Stopped listening on port 49420
